<?xml version="1.0" encoding="UTF-8"?>
<!-- Generated by org.testng.reporters.JUnitXMLReporter -->
<testsuite hostname="LTIN170204" ignored="0" name="Default test" tests="3" failures="0" timestamp="2020-08-01T15:43:42 IST" time="36.819" errors="0">
  <testcase name="loginUser" time="0.791" classname="com.flipkart.TestCase.TC_PurchaseProduct"/>
  <testcase name="searchAndSelectProduct" time="3.403" classname="com.flipkart.TestCase.TC_PurchaseProduct"/>
  <testcase name="purchaseProduct" time="22.845" classname="com.flipkart.TestCase.TC_PurchaseProduct"/>
</testsuite> <!-- Default test -->
