<?xml version="1.0" encoding="UTF-8"?>
<!-- Generated by org.testng.reporters.JUnitXMLReporter -->
<testsuite hostname="LTIN170204" ignored="0" name="Test" tests="3" failures="0" timestamp="2020-08-01T15:45:26 IST" time="36.264" errors="0">
  <testcase name="loginUser" time="1.004" classname="com.flipkart.TestCase.TC_PurchaseProduct"/>
  <testcase name="searchAndSelectProduct" time="3.819" classname="com.flipkart.TestCase.TC_PurchaseProduct"/>
  <testcase name="purchaseProduct" time="22.062" classname="com.flipkart.TestCase.TC_PurchaseProduct"/>
</testsuite> <!-- Test -->
