<?xml version="1.0" encoding="UTF-8"?>
<!-- Generated by org.testng.reporters.JUnitXMLReporter -->
<testsuite hostname="LTIN170204" ignored="0" name="Test" tests="3" failures="0" timestamp="2020-08-03T13:02:59 IST" time="34.239" errors="0">
  <testcase name="loginUser" time="0.974" classname="com.flipkart.TestCase.TC_PurchaseProduct"/>
  <testcase name="searchAndSelectProduct" time="5.063" classname="com.flipkart.TestCase.TC_PurchaseProduct"/>
  <testcase name="purchaseProduct" time="16.851" classname="com.flipkart.TestCase.TC_PurchaseProduct"/>
</testsuite> <!-- Test -->
