<?xml version="1.0" encoding="UTF-8"?>
<testsuite xmlns:xsi="http://www.w3.org/2001/XMLSchema-instance" xsi:noNamespaceSchemaLocation="https://maven.apache.org/surefire/maven-surefire-plugin/xsd/surefire-test-report-3.0.xsd" version="3.0" name="TestSuite" time="36.428" tests="3" errors="0" skipped="0" failures="0">
  <properties>
[...]
</properties>
  <testcase name="loginUser" classname="com.flipkart.TestCase.TC_PurchaseProduct" time="0.916">
    <system-err><![CDATA[Starting ChromeDriver 79.0.3945.36 (3582db32b33893869b8c1339e8f4d9ed1816f143-refs/branch-heads/3945@{#614}) on port 40194
Only local connections are allowed.
Please protect ports used by ChromeDriver and related test frameworks to prevent access by malicious code.
Aug 03, 2020 1:02:30 PM org.openqa.selenium.remote.ProtocolHandshake createSession
INFO: Detected dialect: W3C
]]></system-err>
  </testcase>
  <testcase name="searchAndSelectProduct" classname="com.flipkart.TestCase.TC_PurchaseProduct" time="5.088">
    <system-out><![CDATA[Camera - Buy Products Online at Best Price in India - All Categories | Flipkart.com
]]></system-out>
  </testcase>
  <testcase name="purchaseProduct" classname="com.flipkart.TestCase.TC_PurchaseProduct" time="16.867">
    <system-out><![CDATA[₹14,690
Sony CyberShot DSC-H300==Sony CyberShot DSC-H300
20.1 MP, 35 Optical Zoom, 70x Digital Zoom, Black==20.1 MP, 35 Optical Zoom, 70x Digital Zoom, Black
]]></system-out>
  </testcase>
</testsuite>