<?xml version="1.0" encoding="UTF-8"?>
<testng-results skipped="0" failed="0" ignored="0" total="3" passed="3">
  <reporter-output>
  </reporter-output>
  <suite name="Suite" duration-ms="36264" started-at="2020-08-01T15:44:49 IST" finished-at="2020-08-01T15:45:26 IST">
    <groups>
    </groups>
    <test name="Test" duration-ms="36264" started-at="2020-08-01T15:44:49 IST" finished-at="2020-08-01T15:45:26 IST">
      <class name="com.flipkart.TestCase.TC_PurchaseProduct">
        <test-method status="PASS" signature="initalize()[pri:0, instance:com.flipkart.TestCase.TC_PurchaseProduct@1e802ef9]" name="initalize" is-config="true" duration-ms="7580" started-at="2020-08-01T15:44:49 IST" finished-at="2020-08-01T15:44:57 IST">
          <reporter-output>
          </reporter-output>
        </test-method> <!-- initalize -->
        <test-method status="PASS" signature="loginUser()[pri:0, instance:com.flipkart.TestCase.TC_PurchaseProduct@1e802ef9]" name="loginUser" duration-ms="1004" started-at="2020-08-01T15:44:57 IST" finished-at="2020-08-01T15:44:58 IST">
          <reporter-output>
          </reporter-output>
        </test-method> <!-- loginUser -->
        <test-method status="PASS" signature="searchAndSelectProduct()[pri:0, instance:com.flipkart.TestCase.TC_PurchaseProduct@1e802ef9]" name="searchAndSelectProduct" duration-ms="3819" started-at="2020-08-01T15:44:58 IST" depends-on-methods="com.flipkart.TestCase.TC_PurchaseProduct.loginUser" finished-at="2020-08-01T15:45:02 IST">
          <reporter-output>
          </reporter-output>
        </test-method> <!-- searchAndSelectProduct -->
        <test-method status="PASS" signature="purchaseProduct()[pri:0, instance:com.flipkart.TestCase.TC_PurchaseProduct@1e802ef9]" name="purchaseProduct" duration-ms="22062" started-at="2020-08-01T15:45:02 IST" depends-on-methods="com.flipkart.TestCase.TC_PurchaseProduct.searchAndSelectProduct" finished-at="2020-08-01T15:45:24 IST">
          <reporter-output>
          </reporter-output>
        </test-method> <!-- purchaseProduct -->
        <test-method status="PASS" signature="teardown()[pri:0, instance:com.flipkart.TestCase.TC_PurchaseProduct@1e802ef9]" name="teardown" is-config="true" duration-ms="1697" started-at="2020-08-01T15:45:24 IST" finished-at="2020-08-01T15:45:26 IST">
          <reporter-output>
          </reporter-output>
        </test-method> <!-- teardown -->
      </class> <!-- com.flipkart.TestCase.TC_PurchaseProduct -->
    </test> <!-- Test -->
  </suite> <!-- Suite -->
</testng-results>
